<?xml version="1.0" encoding="UTF-8"?>
<coverage generated="1694832046394" clover="3.2.0">
  <project timestamp="1694832046395" name="All files">
    <metrics statements="44" coveredstatements="44" conditionals="12" coveredconditionals="9" methods="13" coveredmethods="13" elements="69" coveredelements="66" complexity="0" loc="44" ncloc="44" packages="1" files="2" classes="2"/>
    <file name="pomodoroTimer.js" path="C:\Users\User\Desktop\Reprograma\IJOn25-Projeto-Final\projeto-to-do-list\src\pomodoroTimer.js">
      <metrics statements="26" coveredstatements="26" conditionals="12" coveredconditionals="9" methods="8" coveredmethods="8"/>
      <line num="3" count="6" type="stmt"/>
      <line num="4" count="6" type="stmt"/>
      <line num="5" count="6" type="stmt"/>
      <line num="6" count="6" type="stmt"/>
      <line num="7" count="6" type="stmt"/>
      <line num="8" count="6" type="stmt"/>
      <line num="12" count="3" type="cond" truecount="1" falsecount="1"/>
      <line num="13" count="3" type="stmt"/>
      <line num="14" count="1" type="stmt"/>
      <line num="20" count="2" type="stmt"/>
      <line num="21" count="2" type="stmt"/>
      <line num="25" count="1" type="stmt"/>
      <line num="26" count="1" type="cond" truecount="1" falsecount="1"/>
      <line num="29" count="1" type="stmt"/>
      <line num="33" count="3" type="cond" truecount="2" falsecount="0"/>
      <line num="34" count="1" type="stmt"/>
      <line num="35" count="1" type="stmt"/>
      <line num="37" count="2" type="stmt"/>
      <line num="38" count="2" type="cond" truecount="2" falsecount="0"/>
      <line num="41" count="2" type="stmt"/>
      <line num="46" count="6" type="cond" truecount="1" falsecount="1"/>
      <line num="47" count="6" type="stmt"/>
      <line num="54" count="6" type="stmt"/>
      <line num="57" count="6" type="stmt"/>
      <line num="58" count="6" type="stmt"/>
      <line num="62" count="1" type="stmt"/>
    </file>
    <file name="todoList.js" path="C:\Users\User\Desktop\Reprograma\IJOn25-Projeto-Final\projeto-to-do-list\src\todoList.js">
      <metrics statements="18" coveredstatements="18" conditionals="0" coveredconditionals="0" methods="5" coveredmethods="5"/>
      <line num="4" count="4" type="stmt"/>
      <line num="8" count="8" type="stmt"/>
      <line num="9" count="8" type="stmt"/>
      <line num="13" count="5" type="stmt"/>
      <line num="14" count="5" type="stmt"/>
      <line num="15" count="5" type="stmt"/>
      <line num="19" count="4" type="stmt"/>
      <line num="20" count="4" type="stmt"/>
      <line num="25" count="1" type="stmt"/>
      <line num="27" count="1" type="stmt"/>
      <line num="28" count="1" type="stmt"/>
      <line num="29" count="1" type="stmt"/>
      <line num="30" count="1" type="stmt"/>
      <line num="32" count="1" type="stmt"/>
      <line num="34" count="1" type="stmt"/>
      <line num="35" count="1" type="stmt"/>
      <line num="36" count="1" type="stmt"/>
      <line num="37" count="1" type="stmt"/>
    </file>
  </project>
</coverage>
