TN:
SF:src\pomodoroTimer.js
FN:2,(anonymous_0)
FN:11,(anonymous_1)
FN:13,(anonymous_2)
FN:19,(anonymous_3)
FN:24,(anonymous_4)
FN:32,(anonymous_5)
FN:45,(anonymous_6)
FN:53,(anonymous_7)
FNF:8
FNH:8
FNDA:6,(anonymous_0)
FNDA:3,(anonymous_1)
FNDA:1,(anonymous_2)
FNDA:2,(anonymous_3)
FNDA:1,(anonymous_4)
FNDA:3,(anonymous_5)
FNDA:6,(anonymous_6)
FNDA:6,(anonymous_7)
DA:3,6
DA:4,6
DA:5,6
DA:6,6
DA:7,6
DA:8,6
DA:12,3
DA:13,3
DA:14,1
DA:20,2
DA:21,2
DA:25,1
DA:26,1
DA:29,1
DA:33,3
DA:34,1
DA:35,1
DA:37,2
DA:38,2
DA:41,2
DA:46,6
DA:47,6
DA:54,6
DA:57,6
DA:58,6
DA:62,1
LF:26
LH:26
BRDA:12,0,0,3
BRDA:12,0,1,0
BRDA:26,1,0,0
BRDA:26,1,1,1
BRDA:33,2,0,1
BRDA:33,2,1,2
BRDA:38,3,0,1
BRDA:38,3,1,1
BRDA:46,4,0,6
BRDA:46,4,1,0
BRDA:48,5,0,3
BRDA:48,5,1,3
BRF:12
BRH:9
end_of_record
TN:
SF:src\todoList.js
FN:3,(anonymous_0)
FN:7,(anonymous_1)
FN:12,(anonymous_2)
FN:13,(anonymous_3)
FN:18,(anonymous_4)
FNF:5
FNH:5
FNDA:4,(anonymous_0)
FNDA:8,(anonymous_1)
FNDA:5,(anonymous_2)
FNDA:5,(anonymous_3)
FNDA:4,(anonymous_4)
DA:4,4
DA:8,8
DA:9,8
DA:13,5
DA:14,5
DA:15,5
DA:19,4
DA:20,4
DA:25,1
DA:27,1
DA:28,1
DA:29,1
DA:30,1
DA:32,1
DA:34,1
DA:35,1
DA:36,1
DA:37,1
LF:18
LH:18
BRF:0
BRH:0
end_of_record
